2023-01-16 01:52:42,702 [Worker-0: Loading available Gradle versions] INFO  o.e.b.c.i.u.g.PublishedGradleVersions - Gradle version information cache is out-of-date. Trying to update.
2023-01-16 01:56:12,644 [Worker-4: Import Getting Started Content] INFO  o.e.m.c.i.l.LifecycleMappingFactory - Using org.eclipse.m2e.jdt.JarLifecycleMapping lifecycle mapping for MavenProject: com.jaswal:BootNAngular:0.0.1-SNAPSHOT @ C:\Users\jaswa\Desktop\munish_new\workspace\BootNAngular-16Jan-Durgesh\BootNAngular\pom.xml.
2023-01-16 01:56:14,364 [Worker-4: Import Getting Started Content] INFO  o.e.m.j.i.AbstractJavaProjectConfigurator - Adding source folder /BootNAngular/src/main/java
2023-01-16 01:56:14,365 [Worker-4: Import Getting Started Content] INFO  o.e.m.j.i.AbstractJavaProjectConfigurator - Adding resource folder /BootNAngular/src/main/resources
2023-01-16 01:56:14,375 [Worker-4: Import Getting Started Content] INFO  o.e.m.j.i.AbstractJavaProjectConfigurator - Adding resource folder /BootNAngular/src/main/resources
2023-01-16 01:56:14,387 [Worker-4: Import Getting Started Content] INFO  o.e.m.j.i.AbstractJavaProjectConfigurator - Adding source folder /BootNAngular/src/test/java
2023-01-16 01:56:17,247 [Worker-4: Import Getting Started Content] INFO  o.e.m.c.i.p.ProjectConfigurationManager - Imported and configured 1 project(s) in 6 sec
2023-01-16 01:56:17,253 [Worker-4: Import Getting Started Content] INFO  o.e.m.c.i.p.ProjectConfigurationManager - Update started
2023-01-16 01:56:17,686 [Worker-4: Import Getting Started Content] INFO  o.e.m.c.i.l.LifecycleMappingFactory - Using org.eclipse.m2e.jdt.JarLifecycleMapping lifecycle mapping for MavenProject: com.jaswal:BootNAngular:0.0.1-SNAPSHOT @ C:\Users\jaswa\Desktop\munish_new\workspace\BootNAngular-16Jan-Durgesh\BootNAngular\pom.xml.
2023-01-16 01:56:18,906 [Worker-4: Import Getting Started Content] INFO  o.e.m.j.i.AbstractJavaProjectConfigurator - Adding source folder /BootNAngular/src/main/java
2023-01-16 01:56:18,906 [Worker-4: Import Getting Started Content] INFO  o.e.m.j.i.AbstractJavaProjectConfigurator - Adding resource folder /BootNAngular/src/main/resources
2023-01-16 01:56:18,907 [Worker-4: Import Getting Started Content] INFO  o.e.m.j.i.AbstractJavaProjectConfigurator - Adding resource folder /BootNAngular/src/main/resources
2023-01-16 01:56:18,908 [Worker-4: Import Getting Started Content] INFO  o.e.m.j.i.AbstractJavaProjectConfigurator - Adding source folder /BootNAngular/src/test/java
2023-01-16 01:56:19,855 [Worker-4: Import Getting Started Content] INFO  o.e.m.c.i.p.ProjectConfigurationManager - Update completed for 1 poms: local refresh takes 0.00 sec, refresh facades takes 1.00 sec, update config takes 0.00 sec 
2023-01-16 01:56:19,975 [Worker-10: Updating Maven Project] INFO  o.e.m.c.i.p.ProjectConfigurationManager - Update started
2023-01-16 01:56:20,412 [Worker-10: Updating Maven Project] INFO  o.e.m.c.i.l.LifecycleMappingFactory - Using org.eclipse.m2e.jdt.JarLifecycleMapping lifecycle mapping for MavenProject: com.jaswal:BootNAngular:0.0.1-SNAPSHOT @ C:\Users\jaswa\Desktop\munish_new\workspace\BootNAngular-16Jan-Durgesh\BootNAngular\pom.xml.
2023-01-16 01:56:21,513 [Worker-10: Updating Maven Project] INFO  o.e.m.j.i.AbstractJavaProjectConfigurator - Adding source folder /BootNAngular/src/main/java
2023-01-16 01:56:21,514 [Worker-10: Updating Maven Project] INFO  o.e.m.j.i.AbstractJavaProjectConfigurator - Adding resource folder /BootNAngular/src/main/resources
2023-01-16 01:56:21,515 [Worker-10: Updating Maven Project] INFO  o.e.m.j.i.AbstractJavaProjectConfigurator - Adding resource folder /BootNAngular/src/main/resources
2023-01-16 01:56:21,515 [Worker-10: Updating Maven Project] INFO  o.e.m.j.i.AbstractJavaProjectConfigurator - Adding source folder /BootNAngular/src/test/java
2023-01-16 01:56:22,047 [Worker-10: Updating Maven Project] INFO  o.e.m.c.i.p.ProjectConfigurationManager - Update completed for 1 poms: local refresh takes 0.00 sec, refresh facades takes 1.00 sec, update config takes 0.00 sec 
2023-01-16 02:02:04,623 [Worker-14: Launching Executing clean in C__Users_jaswa_Desktop_munish_new_workspace_BootNAngular-16Jan-Durgesh_BootNAngular] INFO  o.eclipse.m2e.core.internal.Bundles - getClasspathEntries(Bundle=org.eclipse.m2e.maven.runtime_3.8.604.20221130-2149 [345])
2023-01-16 02:02:04,630 [Worker-14: Launching Executing clean in C__Users_jaswa_Desktop_munish_new_workspace_BootNAngular-16Jan-Durgesh_BootNAngular] INFO  o.eclipse.m2e.core.internal.Bundles - 	Entry: C:\Dev\sts-4.17.1.RELEASE\plugins\org.eclipse.m2e.maven.runtime_3.8.604.20221130-2149
2023-01-16 02:02:04,631 [Worker-14: Launching Executing clean in C__Users_jaswa_Desktop_munish_new_workspace_BootNAngular-16Jan-Durgesh_BootNAngular] INFO  o.eclipse.m2e.core.internal.Bundles - 	Entry: C:\Dev\sts-4.17.1.RELEASE\plugins\org.eclipse.m2e.maven.runtime_3.8.604.20221130-2149\jars\aether-connector-okhttp-0.17.8.jar
2023-01-16 02:02:04,631 [Worker-14: Launching Executing clean in C__Users_jaswa_Desktop_munish_new_workspace_BootNAngular-16Jan-Durgesh_BootNAngular] INFO  o.eclipse.m2e.core.internal.Bundles - 	Entry: C:\Dev\sts-4.17.1.RELEASE\plugins\org.eclipse.m2e.maven.runtime_3.8.604.20221130-2149\jars\commons-cli-1.4.jar
2023-01-16 02:02:04,632 [Worker-14: Launching Executing clean in C__Users_jaswa_Desktop_munish_new_workspace_BootNAngular-16Jan-Durgesh_BootNAngular] INFO  o.eclipse.m2e.core.internal.Bundles - 	Entry: C:\Dev\sts-4.17.1.RELEASE\plugins\org.eclipse.m2e.maven.runtime_3.8.604.20221130-2149\jars\commons-io-2.6.jar
2023-01-16 02:02:04,632 [Worker-14: Launching Executing clean in C__Users_jaswa_Desktop_munish_new_workspace_BootNAngular-16Jan-Durgesh_BootNAngular] INFO  o.eclipse.m2e.core.internal.Bundles - 	Entry: C:\Dev\sts-4.17.1.RELEASE\plugins\org.eclipse.m2e.maven.runtime_3.8.604.20221130-2149\jars\commons-lang3-3.8.1.jar
2023-01-16 02:02:04,632 [Worker-14: Launching Executing clean in C__Users_jaswa_Desktop_munish_new_workspace_BootNAngular-16Jan-Durgesh_BootNAngular] INFO  o.eclipse.m2e.core.internal.Bundles - 	Entry: C:\Dev\sts-4.17.1.RELEASE\plugins\org.eclipse.m2e.maven.runtime_3.8.604.20221130-2149\jars\guice-4.2.2-no_aop.jar
2023-01-16 02:02:04,633 [Worker-14: Launching Executing clean in C__Users_jaswa_Desktop_munish_new_workspace_BootNAngular-16Jan-Durgesh_BootNAngular] INFO  o.eclipse.m2e.core.internal.Bundles - 	Entry: C:\Dev\sts-4.17.1.RELEASE\plugins\org.eclipse.m2e.maven.runtime_3.8.604.20221130-2149\jars\jansi-2.4.0.jar
2023-01-16 02:02:04,633 [Worker-14: Launching Executing clean in C__Users_jaswa_Desktop_munish_new_workspace_BootNAngular-16Jan-Durgesh_BootNAngular] INFO  o.eclipse.m2e.core.internal.Bundles - 	Entry: C:\Dev\sts-4.17.1.RELEASE\plugins\org.eclipse.m2e.maven.runtime_3.8.604.20221130-2149\jars\maven-artifact-3.8.6.jar
2023-01-16 02:02:04,634 [Worker-14: Launching Executing clean in C__Users_jaswa_Desktop_munish_new_workspace_BootNAngular-16Jan-Durgesh_BootNAngular] INFO  o.eclipse.m2e.core.internal.Bundles - 	Entry: C:\Dev\sts-4.17.1.RELEASE\plugins\org.eclipse.m2e.maven.runtime_3.8.604.20221130-2149\jars\maven-builder-support-3.8.6.jar
2023-01-16 02:02:04,634 [Worker-14: Launching Executing clean in C__Users_jaswa_Desktop_munish_new_workspace_BootNAngular-16Jan-Durgesh_BootNAngular] INFO  o.eclipse.m2e.core.internal.Bundles - 	Entry: C:\Dev\sts-4.17.1.RELEASE\plugins\org.eclipse.m2e.maven.runtime_3.8.604.20221130-2149\jars\maven-compat-3.8.6.jar
2023-01-16 02:02:04,635 [Worker-14: Launching Executing clean in C__Users_jaswa_Desktop_munish_new_workspace_BootNAngular-16Jan-Durgesh_BootNAngular] INFO  o.eclipse.m2e.core.internal.Bundles - 	Entry: C:\Dev\sts-4.17.1.RELEASE\plugins\org.eclipse.m2e.maven.runtime_3.8.604.20221130-2149\jars\maven-core-3.8.6.jar
2023-01-16 02:02:04,635 [Worker-14: Launching Executing clean in C__Users_jaswa_Desktop_munish_new_workspace_BootNAngular-16Jan-Durgesh_BootNAngular] INFO  o.eclipse.m2e.core.internal.Bundles - 	Entry: C:\Dev\sts-4.17.1.RELEASE\plugins\org.eclipse.m2e.maven.runtime_3.8.604.20221130-2149\jars\maven-embedder-3.8.6.jar
2023-01-16 02:02:04,635 [Worker-14: Launching Executing clean in C__Users_jaswa_Desktop_munish_new_workspace_BootNAngular-16Jan-Durgesh_BootNAngular] INFO  o.eclipse.m2e.core.internal.Bundles - 	Entry: C:\Dev\sts-4.17.1.RELEASE\plugins\org.eclipse.m2e.maven.runtime_3.8.604.20221130-2149\jars\maven-model-3.8.6.jar
2023-01-16 02:02:04,636 [Worker-14: Launching Executing clean in C__Users_jaswa_Desktop_munish_new_workspace_BootNAngular-16Jan-Durgesh_BootNAngular] INFO  o.eclipse.m2e.core.internal.Bundles - 	Entry: C:\Dev\sts-4.17.1.RELEASE\plugins\org.eclipse.m2e.maven.runtime_3.8.604.20221130-2149\jars\maven-model-builder-3.8.6.jar
2023-01-16 02:02:04,636 [Worker-14: Launching Executing clean in C__Users_jaswa_Desktop_munish_new_workspace_BootNAngular-16Jan-Durgesh_BootNAngular] INFO  o.eclipse.m2e.core.internal.Bundles - 	Entry: C:\Dev\sts-4.17.1.RELEASE\plugins\org.eclipse.m2e.maven.runtime_3.8.604.20221130-2149\jars\maven-plugin-api-3.8.6.jar
2023-01-16 02:02:04,637 [Worker-14: Launching Executing clean in C__Users_jaswa_Desktop_munish_new_workspace_BootNAngular-16Jan-Durgesh_BootNAngular] INFO  o.eclipse.m2e.core.internal.Bundles - 	Entry: C:\Dev\sts-4.17.1.RELEASE\plugins\org.eclipse.m2e.maven.runtime_3.8.604.20221130-2149\jars\maven-repository-metadata-3.8.6.jar
2023-01-16 02:02:04,637 [Worker-14: Launching Executing clean in C__Users_jaswa_Desktop_munish_new_workspace_BootNAngular-16Jan-Durgesh_BootNAngular] INFO  o.eclipse.m2e.core.internal.Bundles - 	Entry: C:\Dev\sts-4.17.1.RELEASE\plugins\org.eclipse.m2e.maven.runtime_3.8.604.20221130-2149\jars\maven-resolver-api-1.6.3.jar
2023-01-16 02:02:04,638 [Worker-14: Launching Executing clean in C__Users_jaswa_Desktop_munish_new_workspace_BootNAngular-16Jan-Durgesh_BootNAngular] INFO  o.eclipse.m2e.core.internal.Bundles - 	Entry: C:\Dev\sts-4.17.1.RELEASE\plugins\org.eclipse.m2e.maven.runtime_3.8.604.20221130-2149\jars\maven-resolver-connector-basic-1.6.3.jar
2023-01-16 02:02:04,638 [Worker-14: Launching Executing clean in C__Users_jaswa_Desktop_munish_new_workspace_BootNAngular-16Jan-Durgesh_BootNAngular] INFO  o.eclipse.m2e.core.internal.Bundles - 	Entry: C:\Dev\sts-4.17.1.RELEASE\plugins\org.eclipse.m2e.maven.runtime_3.8.604.20221130-2149\jars\maven-resolver-impl-1.6.3.jar
2023-01-16 02:02:04,638 [Worker-14: Launching Executing clean in C__Users_jaswa_Desktop_munish_new_workspace_BootNAngular-16Jan-Durgesh_BootNAngular] INFO  o.eclipse.m2e.core.internal.Bundles - 	Entry: C:\Dev\sts-4.17.1.RELEASE\plugins\org.eclipse.m2e.maven.runtime_3.8.604.20221130-2149\jars\maven-resolver-provider-3.8.6.jar
2023-01-16 02:02:04,639 [Worker-14: Launching Executing clean in C__Users_jaswa_Desktop_munish_new_workspace_BootNAngular-16Jan-Durgesh_BootNAngular] INFO  o.eclipse.m2e.core.internal.Bundles - 	Entry: C:\Dev\sts-4.17.1.RELEASE\plugins\org.eclipse.m2e.maven.runtime_3.8.604.20221130-2149\jars\maven-resolver-spi-1.6.3.jar
2023-01-16 02:02:04,639 [Worker-14: Launching Executing clean in C__Users_jaswa_Desktop_munish_new_workspace_BootNAngular-16Jan-Durgesh_BootNAngular] INFO  o.eclipse.m2e.core.internal.Bundles - 	Entry: C:\Dev\sts-4.17.1.RELEASE\plugins\org.eclipse.m2e.maven.runtime_3.8.604.20221130-2149\jars\maven-resolver-transport-wagon-1.6.3.jar
2023-01-16 02:02:04,639 [Worker-14: Launching Executing clean in C__Users_jaswa_Desktop_munish_new_workspace_BootNAngular-16Jan-Durgesh_BootNAngular] INFO  o.eclipse.m2e.core.internal.Bundles - 	Entry: C:\Dev\sts-4.17.1.RELEASE\plugins\org.eclipse.m2e.maven.runtime_3.8.604.20221130-2149\jars\maven-resolver-util-1.6.3.jar
2023-01-16 02:02:04,639 [Worker-14: Launching Executing clean in C__Users_jaswa_Desktop_munish_new_workspace_BootNAngular-16Jan-Durgesh_BootNAngular] INFO  o.eclipse.m2e.core.internal.Bundles - 	Entry: C:\Dev\sts-4.17.1.RELEASE\plugins\org.eclipse.m2e.maven.runtime_3.8.604.20221130-2149\jars\maven-settings-3.8.6.jar
2023-01-16 02:02:04,639 [Worker-14: Launching Executing clean in C__Users_jaswa_Desktop_munish_new_workspace_BootNAngular-16Jan-Durgesh_BootNAngular] INFO  o.eclipse.m2e.core.internal.Bundles - 	Entry: C:\Dev\sts-4.17.1.RELEASE\plugins\org.eclipse.m2e.maven.runtime_3.8.604.20221130-2149\jars\maven-settings-builder-3.8.6.jar
2023-01-16 02:02:04,640 [Worker-14: Launching Executing clean in C__Users_jaswa_Desktop_munish_new_workspace_BootNAngular-16Jan-Durgesh_BootNAngular] INFO  o.eclipse.m2e.core.internal.Bundles - 	Entry: C:\Dev\sts-4.17.1.RELEASE\plugins\org.eclipse.m2e.maven.runtime_3.8.604.20221130-2149\jars\maven-shared-utils-3.3.4.jar
2023-01-16 02:02:04,640 [Worker-14: Launching Executing clean in C__Users_jaswa_Desktop_munish_new_workspace_BootNAngular-16Jan-Durgesh_BootNAngular] INFO  o.eclipse.m2e.core.internal.Bundles - 	Entry: C:\Dev\sts-4.17.1.RELEASE\plugins\org.eclipse.m2e.maven.runtime_3.8.604.20221130-2149\jars\okhttp-3.14.1.jar
2023-01-16 02:02:04,640 [Worker-14: Launching Executing clean in C__Users_jaswa_Desktop_munish_new_workspace_BootNAngular-16Jan-Durgesh_BootNAngular] INFO  o.eclipse.m2e.core.internal.Bundles - 	Entry: C:\Dev\sts-4.17.1.RELEASE\plugins\org.eclipse.m2e.maven.runtime_3.8.604.20221130-2149\jars\okio-1.17.3.jar
2023-01-16 02:02:04,642 [Worker-14: Launching Executing clean in C__Users_jaswa_Desktop_munish_new_workspace_BootNAngular-16Jan-Durgesh_BootNAngular] INFO  o.eclipse.m2e.core.internal.Bundles - 	Entry: C:\Dev\sts-4.17.1.RELEASE\plugins\org.eclipse.m2e.maven.runtime_3.8.604.20221130-2149\jars\org.eclipse.sisu.inject-0.3.5.jar
2023-01-16 02:02:04,642 [Worker-14: Launching Executing clean in C__Users_jaswa_Desktop_munish_new_workspace_BootNAngular-16Jan-Durgesh_BootNAngular] INFO  o.eclipse.m2e.core.internal.Bundles - 	Entry: C:\Dev\sts-4.17.1.RELEASE\plugins\org.eclipse.m2e.maven.runtime_3.8.604.20221130-2149\jars\org.eclipse.sisu.plexus-0.3.5.jar
2023-01-16 02:02:04,643 [Worker-14: Launching Executing clean in C__Users_jaswa_Desktop_munish_new_workspace_BootNAngular-16Jan-Durgesh_BootNAngular] INFO  o.eclipse.m2e.core.internal.Bundles - 	Entry: C:\Dev\sts-4.17.1.RELEASE\plugins\org.eclipse.m2e.maven.runtime_3.8.604.20221130-2149\jars\plexus-build-api-0.0.7.jar
2023-01-16 02:02:04,644 [Worker-14: Launching Executing clean in C__Users_jaswa_Desktop_munish_new_workspace_BootNAngular-16Jan-Durgesh_BootNAngular] INFO  o.eclipse.m2e.core.internal.Bundles - 	Entry: C:\Dev\sts-4.17.1.RELEASE\plugins\org.eclipse.m2e.maven.runtime_3.8.604.20221130-2149\jars\plexus-cipher-2.0.jar
2023-01-16 02:02:04,644 [Worker-14: Launching Executing clean in C__Users_jaswa_Desktop_munish_new_workspace_BootNAngular-16Jan-Durgesh_BootNAngular] INFO  o.eclipse.m2e.core.internal.Bundles - 	Entry: C:\Dev\sts-4.17.1.RELEASE\plugins\org.eclipse.m2e.maven.runtime_3.8.604.20221130-2149\jars\plexus-classworlds-2.6.0.jar
2023-01-16 02:02:04,644 [Worker-14: Launching Executing clean in C__Users_jaswa_Desktop_munish_new_workspace_BootNAngular-16Jan-Durgesh_BootNAngular] INFO  o.eclipse.m2e.core.internal.Bundles - 	Entry: C:\Dev\sts-4.17.1.RELEASE\plugins\org.eclipse.m2e.maven.runtime_3.8.604.20221130-2149\jars\plexus-component-annotations-2.1.0.jar
2023-01-16 02:02:04,645 [Worker-14: Launching Executing clean in C__Users_jaswa_Desktop_munish_new_workspace_BootNAngular-16Jan-Durgesh_BootNAngular] INFO  o.eclipse.m2e.core.internal.Bundles - 	Entry: C:\Dev\sts-4.17.1.RELEASE\plugins\org.eclipse.m2e.maven.runtime_3.8.604.20221130-2149\jars\plexus-interpolation-1.26.jar
2023-01-16 02:02:04,645 [Worker-14: Launching Executing clean in C__Users_jaswa_Desktop_munish_new_workspace_BootNAngular-16Jan-Durgesh_BootNAngular] INFO  o.eclipse.m2e.core.internal.Bundles - 	Entry: C:\Dev\sts-4.17.1.RELEASE\plugins\org.eclipse.m2e.maven.runtime_3.8.604.20221130-2149\jars\plexus-sec-dispatcher-2.0.jar
2023-01-16 02:02:04,646 [Worker-14: Launching Executing clean in C__Users_jaswa_Desktop_munish_new_workspace_BootNAngular-16Jan-Durgesh_BootNAngular] INFO  o.eclipse.m2e.core.internal.Bundles - 	Entry: C:\Dev\sts-4.17.1.RELEASE\plugins\org.eclipse.m2e.maven.runtime_3.8.604.20221130-2149\jars\plexus-utils-3.3.1.jar
2023-01-16 02:02:04,646 [Worker-14: Launching Executing clean in C__Users_jaswa_Desktop_munish_new_workspace_BootNAngular-16Jan-Durgesh_BootNAngular] INFO  o.eclipse.m2e.core.internal.Bundles - 	Entry: C:\Dev\sts-4.17.1.RELEASE\plugins\org.eclipse.m2e.maven.runtime_3.8.604.20221130-2149\jars\wagon-file-3.5.1.jar
2023-01-16 02:02:04,647 [Worker-14: Launching Executing clean in C__Users_jaswa_Desktop_munish_new_workspace_BootNAngular-16Jan-Durgesh_BootNAngular] INFO  o.eclipse.m2e.core.internal.Bundles - 	Entry: C:\Dev\sts-4.17.1.RELEASE\plugins\org.eclipse.m2e.maven.runtime_3.8.604.20221130-2149\jars\wagon-provider-api-3.5.1.jar
2023-01-16 02:02:04,649 [Worker-14: Launching Executing clean in C__Users_jaswa_Desktop_munish_new_workspace_BootNAngular-16Jan-Durgesh_BootNAngular] INFO  o.eclipse.m2e.core.internal.Bundles - getClasspathEntries(Bundle=com.google.guava_30.1.0.v20221112-0806 [22])
2023-01-16 02:02:04,651 [Worker-14: Launching Executing clean in C__Users_jaswa_Desktop_munish_new_workspace_BootNAngular-16Jan-Durgesh_BootNAngular] INFO  o.eclipse.m2e.core.internal.Bundles - 	Entry: C:\Dev\sts-4.17.1.RELEASE\plugins\com.google.guava_30.1.0.v20221112-0806.jar
2023-01-16 02:02:04,652 [Worker-14: Launching Executing clean in C__Users_jaswa_Desktop_munish_new_workspace_BootNAngular-16Jan-Durgesh_BootNAngular] INFO  o.eclipse.m2e.core.internal.Bundles - getClasspathEntries(Bundle=slf4j.api_1.7.36 [584])
2023-01-16 02:02:04,653 [Worker-14: Launching Executing clean in C__Users_jaswa_Desktop_munish_new_workspace_BootNAngular-16Jan-Durgesh_BootNAngular] INFO  o.eclipse.m2e.core.internal.Bundles - 	Entry: C:\Dev\sts-4.17.1.RELEASE\plugins\slf4j.api_1.7.36.jar
2023-01-16 02:02:04,653 [Worker-14: Launching Executing clean in C__Users_jaswa_Desktop_munish_new_workspace_BootNAngular-16Jan-Durgesh_BootNAngular] INFO  o.eclipse.m2e.core.internal.Bundles - getClasspathEntries(Bundle=javax.inject_1.0.0.v20220405-0441 [49])
2023-01-16 02:02:04,655 [Worker-14: Launching Executing clean in C__Users_jaswa_Desktop_munish_new_workspace_BootNAngular-16Jan-Durgesh_BootNAngular] INFO  o.eclipse.m2e.core.internal.Bundles - 	Entry: C:\Dev\sts-4.17.1.RELEASE\plugins\javax.inject_1.0.0.v20220405-0441.jar
2023-01-16 02:02:04,655 [Worker-14: Launching Executing clean in C__Users_jaswa_Desktop_munish_new_workspace_BootNAngular-16Jan-Durgesh_BootNAngular] INFO  o.eclipse.m2e.core.internal.Bundles - getClasspathEntries(Bundle=javax.annotation_1.3.5.v20221112-0806 [47])
2023-01-16 02:02:04,657 [Worker-14: Launching Executing clean in C__Users_jaswa_Desktop_munish_new_workspace_BootNAngular-16Jan-Durgesh_BootNAngular] INFO  o.eclipse.m2e.core.internal.Bundles - 	Entry: C:\Dev\sts-4.17.1.RELEASE\plugins\javax.annotation_1.3.5.v20221112-0806.jar
2023-01-16 02:02:04,668 [Worker-14: Launching Executing clean in C__Users_jaswa_Desktop_munish_new_workspace_BootNAngular-16Jan-Durgesh_BootNAngular] INFO  o.e.m.i.launch.MavenLaunchDelegate - Run build in "C:\Users\jaswa\Desktop\munish_new\workspace\BootNAngular-16Jan-Durgesh\BootNAngular":
2023-01-16 02:02:04,669 [Worker-14: Launching Executing clean in C__Users_jaswa_Desktop_munish_new_workspace_BootNAngular-16Jan-Durgesh_BootNAngular] INFO  o.e.m.i.launch.MavenLaunchDelegate -  mvn  -Ppom.xml -B -Dstyle.color=always clean
2023-01-16 02:02:10,541 [Worker-19: Launching Executing install in C__Users_jaswa_Desktop_munish_new_workspace_BootNAngular-16Jan-Durgesh_BootNAngular] INFO  o.e.m.i.launch.MavenLaunchDelegate - Run build in "C:\Users\jaswa\Desktop\munish_new\workspace\BootNAngular-16Jan-Durgesh\BootNAngular":
2023-01-16 02:02:10,541 [Worker-19: Launching Executing install in C__Users_jaswa_Desktop_munish_new_workspace_BootNAngular-16Jan-Durgesh_BootNAngular] INFO  o.e.m.i.launch.MavenLaunchDelegate -  mvn  -Ppom.xml -B -Dstyle.color=always install
2023-01-16 09:48:50,626 [Worker-1: Loading available Gradle versions] INFO  o.e.b.c.i.u.g.PublishedGradleVersions - Gradle version information cache is up-to-date. Trying to read.
2023-01-16 09:49:33,605 [Worker-1: Building] INFO  o.a.m.s.f.DefaultMavenResourcesFiltering - Copying 1 resource
2023-01-16 09:49:33,634 [Worker-1: Building] INFO  o.a.m.s.f.DefaultMavenResourcesFiltering - Copying 0 resource
2023-01-16 09:49:33,642 [Worker-1: Building] INFO  o.a.m.s.f.DefaultMavenResourcesFiltering - skip non existing resourceDirectory C:\Users\jaswa\Desktop\munish_new\workspace\BootNAngular-16Jan-Durgesh\BootNAngular\src\test\resources
2023-01-17 08:52:21,848 [Worker-23: Building] INFO  o.a.m.s.f.DefaultMavenResourcesFiltering - Copying 1 resource
2023-01-17 08:52:21,885 [Worker-23: Building] INFO  o.a.m.s.f.DefaultMavenResourcesFiltering - Copying 0 resource
2023-01-17 08:52:21,889 [Worker-23: Building] INFO  o.a.m.s.f.DefaultMavenResourcesFiltering - skip non existing resourceDirectory C:\Users\jaswa\Desktop\munish_new\workspace\BootNAngular-16Jan-Durgesh\BootNAngular\src\test\resources
